<?xml version="1.0" encoding="UTF-8"?>
<testng-results ignored="0" total="1" passed="1" failed="0" skipped="0">
  <reporter-output>
  </reporter-output>
  <suite started-at="2023-12-30T21:59:28 EET" name="Default suite" finished-at="2023-12-30T21:59:29 EET" duration-ms="1403">
    <groups>
    </groups>
    <test started-at="2023-12-30T21:59:28 EET" name="Default test" finished-at="2023-12-30T21:59:29 EET" duration-ms="1403">
      <class name="bank.TestCases">
        <test-method is-config="true" signature="setup()[pri:0, instance:bank.TestCases@4d411036]" started-at="2023-12-30T21:59:28 EET" name="setup" finished-at="2023-12-30T21:59:29 EET" duration-ms="1371" status="PASS">
          <reporter-output>
          </reporter-output>
        </test-method> <!-- setup -->
        <test-method signature="firstTest()[pri:0, instance:bank.TestCases@4d411036]" started-at="2023-12-30T21:59:29 EET" name="firstTest" finished-at="2023-12-30T21:59:29 EET" duration-ms="5" status="PASS">
          <reporter-output>
          </reporter-output>
        </test-method> <!-- firstTest -->
        <test-method is-config="true" signature="afterTest()[pri:0, instance:bank.TestCases@4d411036]" started-at="2023-12-30T21:59:29 EET" name="afterTest" finished-at="2023-12-30T21:59:29 EET" duration-ms="0" status="PASS">
          <reporter-output>
          </reporter-output>
        </test-method> <!-- afterTest -->
      </class> <!-- bank.TestCases -->
    </test> <!-- Default test -->
  </suite> <!-- Default suite -->
</testng-results>
