<?xml version="1.0" encoding="UTF-8"?>
<testng-results ignored="0" total="1" passed="1" failed="0" skipped="0">
  <reporter-output>
  </reporter-output>
  <suite started-at="2024-01-01T22:22:21 EET" name="Default suite" finished-at="2024-01-01T22:23:28 EET" duration-ms="66716">
    <groups>
    </groups>
    <test started-at="2024-01-01T22:22:21 EET" name="Default test" finished-at="2024-01-01T22:23:28 EET" duration-ms="66716">
      <class name="bank.TestCases">
        <test-method is-config="true" signature="setup()[pri:0, instance:bank.TestCases@4d411036]" started-at="2024-01-01T22:22:21 EET" name="setup" finished-at="2024-01-01T22:22:23 EET" duration-ms="1618" status="PASS">
          <reporter-output>
          </reporter-output>
        </test-method> <!-- setup -->
        <test-method signature="addCustomer()[pri:0, instance:bank.TestCases@4d411036]" started-at="2024-01-01T22:22:23 EET" name="addCustomer" finished-at="2024-01-01T22:23:28 EET" duration-ms="64925" status="PASS">
          <reporter-output>
          </reporter-output>
        </test-method> <!-- addCustomer -->
        <test-method is-config="true" signature="afterTest()[pri:0, instance:bank.TestCases@4d411036]" started-at="2024-01-01T22:23:28 EET" name="afterTest" finished-at="2024-01-01T22:23:28 EET" duration-ms="2" status="PASS">
          <reporter-output>
          </reporter-output>
        </test-method> <!-- afterTest -->
      </class> <!-- bank.TestCases -->
    </test> <!-- Default test -->
  </suite> <!-- Default suite -->
</testng-results>
